


ARM Macro Assembler    Page 1 


    1 00000000         ;C code compiler assumes that stack allocation is aligne
                       d on 8-byte boundaries.
    2 00000000                 PRESERVE8                    ;So ensure that the
                                                             assembler interrup
                                                            t handler has an 8-
                                                            byte aligned stack.
                                                            
    3 00000000                 AREA             |.text|, CODE, READONLY, ALIGN=
2
    4 00000000                 THUMB
    5 00000000                 EXTERN           CurrentPtr
    6 00000000                 EXPORT           SysTick_Handler
    7 00000000                 EXPORT           OS_SchedulerLaunch
    8 00000000                 IMPORT           Scheduler
    9 00000000         
   10 00000000         
   11 00000000         SysTick_Handler                      ;save r0,r1,r2,r3,r
                                                            12,lr,pc,psr      
   12 00000000 B672            CPSID            I           ;Disable interrupts
                                                               
   13 00000002 E92D 0FF0       PUSH             {R4-R11}    ;save r4,r5,r6,r7,r
                                                            8,r9,r10,r11   
   14 00000006 480F            LDR              R0, =CurrentPtr ; r0 points to 
                                                            CurrentPtr,old task
                                                                   
   15 00000008 6801            LDR              R1, [R0]    ; r1= CurrentPtr   
                                                            
   16 0000000A F8C1 D000       STR              SP, [R1]    ;save old SP into T
                                                            CB   
   17 0000000E B501            PUSH             {R0,LR}     ;R0 was pointing to
                                                             CurrentPtr,LR has 
                                                            interrupt return sp
                                                            ecial address 0xFFF
                                                            FFFF9
   18 00000010         ;So Save LR before calling functionbecause BL uses LR re
                       gister to save its return
   19 00000010         ;Address
   20 00000010 F7FF FFFE       BL               Scheduler   ;Call Scheduler fun
                                                            ction
   21 00000014 E8BD 4001       POP              {R0,LR}     ; Pop it back
   22 00000018 6801            LDR              R1,[R0]     ;R1=CurrentPtr  =Ne
                                                            w task
   23 0000001A F8D1 D000       LDR              SP, [R1]    ;SP= .CurrentPtr->s
                                                            tackPtr 
   24 0000001E E8BD 0FF0       POP              {R4-R11}    ; restore regs r4-1
                                                            1   
   25 00000022 B662            CPSIE            I
   26 00000024 4770            BX               LR
   27 00000026         
   28 00000026         
   29 00000026         
   30 00000026         OS_SchedulerLaunch
   31 00000026 4807            LDR              R0, =CurrentPtr
   32 00000028 6802            LDR              R2, [R0]    ; R2 =currentPt    
                                                               
   33 0000002A F8D2 D000       LDR              SP, [R2]    ;SP = currentPt->st
                                                            ackPt    
   34 0000002E E8BD 0FF0       POP              {R4-R11}
   35 00000032 BC0F            POP              {R0-R3}



ARM Macro Assembler    Page 2 


   36 00000034 F85D CB04       POP              {R12}
   37 00000038 B001            ADD              SP,SP,#4    ;Discard LR reg    
                                                               
   38 0000003A F85D EB04       POP              {LR}        ;Pop PC into LR -> 
                                                            PC has the start of
                                                             the thread  
   39 0000003E B001            ADD              SP,SP,#4    ;Discard PSR reg  
   40 00000040 B662            CPSIE            I           ;Enable interrupts 
                                                             I bit in PSR=0    
                                                              
   41 00000042 4770            BX               LR          ;Return from sub ro
                                                            utine   
   42 00000044         
   43 00000044                 ALIGN
   44 00000044                 END
              00000000 
Command Line: --debug --xref --diag_suppress=9931 --cpu=Cortex-M4.fp.sp --apcs=
interwork --depend=.\objects\os_1.d -o.\objects\os_1.o -I.\RTE\_Target_1 -IC:\U
sers\Dell\AppData\Local\Arm\Packs\ARM\CMSIS\5.7.0\CMSIS\Core\Include -IC:\Users
\Dell\AppData\Local\Arm\Packs\Keil\STM32F4xx_DFP\2.14.0\Drivers\CMSIS\Device\ST
\STM32F4xx\Include --predefine="__UVISION_VERSION SETA 529" --predefine="_RTE_ 
SETA 1" --predefine="STM32F446xx SETA 1" --list=.\listings\os.lst OS.s



ARM Macro Assembler    Page 1 Alphabetic symbol ordering
Relocatable symbols

.text 00000000

Symbol: .text
   Definitions
      At line 3 in file OS.s
   Uses
      None
Comment: .text unused
OS_SchedulerLaunch 00000026

Symbol: OS_SchedulerLaunch
   Definitions
      At line 30 in file OS.s
   Uses
      At line 7 in file OS.s
Comment: OS_SchedulerLaunch used once
SysTick_Handler 00000000

Symbol: SysTick_Handler
   Definitions
      At line 11 in file OS.s
   Uses
      At line 6 in file OS.s
Comment: SysTick_Handler used once
3 symbols



ARM Macro Assembler    Page 1 Alphabetic symbol ordering
External symbols

CurrentPtr 00000000

Symbol: CurrentPtr
   Definitions
      At line 5 in file OS.s
   Uses
      At line 14 in file OS.s
      At line 31 in file OS.s

Scheduler 00000000

Symbol: Scheduler
   Definitions
      At line 8 in file OS.s
   Uses
      At line 20 in file OS.s
Comment: Scheduler used once
2 symbols
341 symbols in table
